{"/code-projects/courses/code-with-mosh/redux/source-code/redux-examples/src/store/api.js": {"path":"/code-projects/courses/code-with-mosh/redux/source-code/redux-examples/src/store/api.js","statementMap":{"0":{"start":{"line":3,"column":28},"end":{"line":3,"column":57}},"1":{"start":{"line":4,"column":32},"end":{"line":4,"column":65}},"2":{"start":{"line":5,"column":29},"end":{"line":5,"column":59}}},"fnMap":{},"branchMap":{},"s":{"0":1,"1":1,"2":1},"f":{},"b":{},"_coverageSchema":"1a1c01bbd47fc00a2c39e90264f33305004495a9","hash":"c8948ce395153d31e10df94bdbbc5ca1988b2911"}
,"/code-projects/courses/code-with-mosh/redux/source-code/redux-examples/src/store/bugs.js": {"path":"/code-projects/courses/code-with-mosh/redux/source-code/redux-examples/src/store/bugs.js","statementMap":{"0":{"start":{"line":6,"column":14},"end":{"line":47,"column":2}},"1":{"start":{"line":15,"column":6},"end":{"line":15,"column":26}},"2":{"start":{"line":19,"column":6},"end":{"line":19,"column":27}},"3":{"start":{"line":23,"column":6},"end":{"line":23,"column":33}},"4":{"start":{"line":24,"column":6},"end":{"line":24,"column":27}},"5":{"start":{"line":25,"column":6},"end":{"line":25,"column":34}},"6":{"start":{"line":29,"column":6},"end":{"line":29,"column":37}},"7":{"start":{"line":33,"column":20},"end":{"line":33,"column":75}},"8":{"start":{"line":33,"column":47},"end":{"line":33,"column":74}},"9":{"start":{"line":34,"column":6},"end":{"line":34,"column":49}},"10":{"start":{"line":34,"column":22},"end":{"line":34,"column":49}},"11":{"start":{"line":38,"column":20},"end":{"line":38,"column":75}},"12":{"start":{"line":38,"column":47},"end":{"line":38,"column":74}},"13":{"start":{"line":39,"column":6},"end":{"line":39,"column":55}},"14":{"start":{"line":39,"column":22},"end":{"line":39,"column":55}},"15":{"start":{"line":43,"column":20},"end":{"line":43,"column":75}},"16":{"start":{"line":43,"column":47},"end":{"line":43,"column":74}},"17":{"start":{"line":44,"column":6},"end":{"line":44,"column":70}},"18":{"start":{"line":44,"column":22},"end":{"line":44,"column":70}},"19":{"start":{"line":50,"column":26},"end":{"line":53,"column":1}},"20":{"start":{"line":51,"column":11},"end":{"line":51,"column":30}},"21":{"start":{"line":52,"column":10},"end":{"line":52,"column":48}},"22":{"start":{"line":52,"column":34},"end":{"line":52,"column":47}},"23":{"start":{"line":55,"column":24},"end":{"line":58,"column":1}},"24":{"start":{"line":55,"column":34},"end":{"line":58,"column":1}},"25":{"start":{"line":56,"column":11},"end":{"line":56,"column":30}},"26":{"start":{"line":57,"column":10},"end":{"line":57,"column":56}},"27":{"start":{"line":57,"column":34},"end":{"line":57,"column":55}},"28":{"start":{"line":71,"column":5},"end":{"line":71,"column":18}},"29":{"start":{"line":75,"column":12},"end":{"line":75,"column":19}},"30":{"start":{"line":78,"column":24},"end":{"line":93,"column":1}},"31":{"start":{"line":78,"column":30},"end":{"line":93,"column":1}},"32":{"start":{"line":79,"column":24},"end":{"line":79,"column":48}},"33":{"start":{"line":81,"column":24},"end":{"line":81,"column":67}},"34":{"start":{"line":83,"column":2},"end":{"line":83,"column":33}},"35":{"start":{"line":83,"column":26},"end":{"line":83,"column":33}},"36":{"start":{"line":85,"column":2},"end":{"line":92,"column":5}},"37":{"start":{"line":95,"column":22},"end":{"line":100,"column":2}},"38":{"start":{"line":95,"column":29},"end":{"line":100,"column":2}},"39":{"start":{"line":102,"column":26},"end":{"line":107,"column":2}},"40":{"start":{"line":102,"column":35},"end":{"line":107,"column":2}},"41":{"start":{"line":109,"column":31},"end":{"line":114,"column":2}},"42":{"start":{"line":109,"column":50},"end":{"line":114,"column":2}}},"fnMap":{"0":{"name":"(anonymous_0)","decl":{"start":{"line":14,"column":19},"end":{"line":14,"column":20}},"loc":{"start":{"line":14,"column":37},"end":{"line":16,"column":5}},"line":14},"1":{"name":"(anonymous_1)","decl":{"start":{"line":18,"column":23},"end":{"line":18,"column":24}},"loc":{"start":{"line":18,"column":41},"end":{"line":20,"column":5}},"line":18},"2":{"name":"(anonymous_2)","decl":{"start":{"line":22,"column":18},"end":{"line":22,"column":19}},"loc":{"start":{"line":22,"column":36},"end":{"line":26,"column":5}},"line":22},"3":{"name":"(anonymous_3)","decl":{"start":{"line":28,"column":14},"end":{"line":28,"column":15}},"loc":{"start":{"line":28,"column":32},"end":{"line":30,"column":5}},"line":28},"4":{"name":"(anonymous_4)","decl":{"start":{"line":32,"column":16},"end":{"line":32,"column":17}},"loc":{"start":{"line":32,"column":34},"end":{"line":35,"column":5}},"line":32},"5":{"name":"(anonymous_5)","decl":{"start":{"line":33,"column":40},"end":{"line":33,"column":41}},"loc":{"start":{"line":33,"column":47},"end":{"line":33,"column":74}},"line":33},"6":{"name":"(anonymous_6)","decl":{"start":{"line":37,"column":17},"end":{"line":37,"column":18}},"loc":{"start":{"line":37,"column":35},"end":{"line":40,"column":5}},"line":37},"7":{"name":"(anonymous_7)","decl":{"start":{"line":38,"column":40},"end":{"line":38,"column":41}},"loc":{"start":{"line":38,"column":47},"end":{"line":38,"column":74}},"line":38},"8":{"name":"(anonymous_8)","decl":{"start":{"line":42,"column":23},"end":{"line":42,"column":24}},"loc":{"start":{"line":42,"column":41},"end":{"line":45,"column":5}},"line":42},"9":{"name":"(anonymous_9)","decl":{"start":{"line":43,"column":40},"end":{"line":43,"column":41}},"loc":{"start":{"line":43,"column":47},"end":{"line":43,"column":74}},"line":43},"10":{"name":"(anonymous_10)","decl":{"start":{"line":51,"column":2},"end":{"line":51,"column":3}},"loc":{"start":{"line":51,"column":11},"end":{"line":51,"column":30}},"line":51},"11":{"name":"(anonymous_11)","decl":{"start":{"line":52,"column":2},"end":{"line":52,"column":3}},"loc":{"start":{"line":52,"column":10},"end":{"line":52,"column":48}},"line":52},"12":{"name":"(anonymous_12)","decl":{"start":{"line":52,"column":27},"end":{"line":52,"column":28}},"loc":{"start":{"line":52,"column":34},"end":{"line":52,"column":47}},"line":52},"13":{"name":"(anonymous_13)","decl":{"start":{"line":55,"column":24},"end":{"line":55,"column":25}},"loc":{"start":{"line":55,"column":34},"end":{"line":58,"column":1}},"line":55},"14":{"name":"(anonymous_14)","decl":{"start":{"line":56,"column":2},"end":{"line":56,"column":3}},"loc":{"start":{"line":56,"column":11},"end":{"line":56,"column":30}},"line":56},"15":{"name":"(anonymous_15)","decl":{"start":{"line":57,"column":2},"end":{"line":57,"column":3}},"loc":{"start":{"line":57,"column":10},"end":{"line":57,"column":56}},"line":57},"16":{"name":"(anonymous_16)","decl":{"start":{"line":57,"column":27},"end":{"line":57,"column":28}},"loc":{"start":{"line":57,"column":34},"end":{"line":57,"column":55}},"line":57},"17":{"name":"(anonymous_17)","decl":{"start":{"line":78,"column":24},"end":{"line":78,"column":25}},"loc":{"start":{"line":78,"column":30},"end":{"line":93,"column":1}},"line":78},"18":{"name":"(anonymous_18)","decl":{"start":{"line":78,"column":30},"end":{"line":78,"column":31}},"loc":{"start":{"line":78,"column":54},"end":{"line":93,"column":1}},"line":78},"19":{"name":"(anonymous_19)","decl":{"start":{"line":95,"column":22},"end":{"line":95,"column":23}},"loc":{"start":{"line":95,"column":29},"end":{"line":100,"column":2}},"line":95},"20":{"name":"(anonymous_20)","decl":{"start":{"line":102,"column":26},"end":{"line":102,"column":27}},"loc":{"start":{"line":102,"column":35},"end":{"line":107,"column":2}},"line":102},"21":{"name":"(anonymous_21)","decl":{"start":{"line":109,"column":31},"end":{"line":109,"column":32}},"loc":{"start":{"line":109,"column":50},"end":{"line":114,"column":2}},"line":109}},"branchMap":{"0":{"loc":{"start":{"line":34,"column":6},"end":{"line":34,"column":49}},"type":"if","locations":[{"start":{"line":34,"column":6},"end":{"line":34,"column":49}},{"start":{"line":34,"column":6},"end":{"line":34,"column":49}}],"line":34},"1":{"loc":{"start":{"line":39,"column":6},"end":{"line":39,"column":55}},"type":"if","locations":[{"start":{"line":39,"column":6},"end":{"line":39,"column":55}},{"start":{"line":39,"column":6},"end":{"line":39,"column":55}}],"line":39},"2":{"loc":{"start":{"line":44,"column":6},"end":{"line":44,"column":70}},"type":"if","locations":[{"start":{"line":44,"column":6},"end":{"line":44,"column":70}},{"start":{"line":44,"column":6},"end":{"line":44,"column":70}}],"line":44},"3":{"loc":{"start":{"line":83,"column":2},"end":{"line":83,"column":33}},"type":"if","locations":[{"start":{"line":83,"column":2},"end":{"line":83,"column":33}},{"start":{"line":83,"column":2},"end":{"line":83,"column":33}}],"line":83}},"s":{"0":1,"1":5,"2":1,"3":4,"4":4,"5":4,"6":3,"7":0,"8":0,"9":0,"10":0,"11":1,"12":1,"13":1,"14":1,"15":0,"16":0,"17":0,"18":0,"19":1,"20":1,"21":1,"22":3,"23":1,"24":0,"25":0,"26":0,"27":0,"28":1,"29":1,"30":1,"31":6,"32":6,"33":6,"34":6,"35":1,"36":5,"37":1,"38":4,"39":1,"40":2,"41":1,"42":0},"f":{"0":5,"1":1,"2":4,"3":3,"4":0,"5":0,"6":1,"7":1,"8":0,"9":0,"10":1,"11":1,"12":3,"13":0,"14":0,"15":0,"16":0,"17":6,"18":6,"19":4,"20":2,"21":0},"b":{"0":[0,0],"1":[1,0],"2":[0,0],"3":[1,5]},"_coverageSchema":"1a1c01bbd47fc00a2c39e90264f33305004495a9","hash":"e3b1336219a5233a4a6d436c3c0908ad895fca04"}
,"/code-projects/courses/code-with-mosh/redux/source-code/redux-examples/src/store/configureStore.js": {"path":"/code-projects/courses/code-with-mosh/redux/source-code/redux-examples/src/store/configureStore.js","statementMap":{"0":{"start":{"line":8,"column":2},"end":{"line":16,"column":5}}},"fnMap":{"0":{"name":"(anonymous_0)","decl":{"start":{"line":7,"column":15},"end":{"line":7,"column":16}},"loc":{"start":{"line":7,"column":21},"end":{"line":17,"column":1}},"line":7}},"branchMap":{},"s":{"0":10},"f":{"0":10},"b":{},"_coverageSchema":"1a1c01bbd47fc00a2c39e90264f33305004495a9","hash":"ff311baaae1ad6dc3a07e89543525c0950453236"}
,"/code-projects/courses/code-with-mosh/redux/source-code/redux-examples/src/store/entities.js": {"path":"/code-projects/courses/code-with-mosh/redux/source-code/redux-examples/src/store/entities.js","statementMap":{},"fnMap":{},"branchMap":{},"s":{},"f":{},"b":{},"_coverageSchema":"1a1c01bbd47fc00a2c39e90264f33305004495a9","hash":"0c8791cf36a2d0bb83ebedae7b07fcabe7bdcf71"}
,"/code-projects/courses/code-with-mosh/redux/source-code/redux-examples/src/store/projects.js": {"path":"/code-projects/courses/code-with-mosh/redux/source-code/redux-examples/src/store/projects.js","statementMap":{"0":{"start":{"line":3,"column":13},"end":{"line":3,"column":14}},"1":{"start":{"line":5,"column":14},"end":{"line":11,"column":2}},"2":{"start":{"line":9,"column":45},"end":{"line":9,"column":101}},"3":{"start":{"line":13,"column":32},"end":{"line":13,"column":45}}},"fnMap":{"0":{"name":"(anonymous_0)","decl":{"start":{"line":9,"column":22},"end":{"line":9,"column":23}},"loc":{"start":{"line":9,"column":44},"end":{"line":9,"column":102}},"line":9}},"branchMap":{},"s":{"0":1,"1":1,"2":0,"3":1},"f":{"0":0},"b":{},"_coverageSchema":"1a1c01bbd47fc00a2c39e90264f33305004495a9","hash":"ca6b0e7a57a7ca36407d82aeb1676458cbc567f6"}
,"/code-projects/courses/code-with-mosh/redux/source-code/redux-examples/src/store/reducer.js": {"path":"/code-projects/courses/code-with-mosh/redux/source-code/redux-examples/src/store/reducer.js","statementMap":{},"fnMap":{},"branchMap":{},"s":{},"f":{},"b":{},"_coverageSchema":"1a1c01bbd47fc00a2c39e90264f33305004495a9","hash":"ad6a87b7654fba8d62712770c4c9154bb4b1cf7c"}
,"/code-projects/courses/code-with-mosh/redux/source-code/redux-examples/src/store/users.js": {"path":"/code-projects/courses/code-with-mosh/redux/source-code/redux-examples/src/store/users.js","statementMap":{"0":{"start":{"line":3,"column":13},"end":{"line":3,"column":14}},"1":{"start":{"line":5,"column":14},"end":{"line":11,"column":2}},"2":{"start":{"line":9,"column":40},"end":{"line":9,"column":93}},"3":{"start":{"line":13,"column":29},"end":{"line":13,"column":42}}},"fnMap":{"0":{"name":"(anonymous_0)","decl":{"start":{"line":9,"column":19},"end":{"line":9,"column":20}},"loc":{"start":{"line":9,"column":38},"end":{"line":9,"column":94}},"line":9}},"branchMap":{},"s":{"0":1,"1":1,"2":0,"3":1},"f":{"0":0},"b":{},"_coverageSchema":"1a1c01bbd47fc00a2c39e90264f33305004495a9","hash":"ed1fa6b1e8bb4ba20c5dd974c3d119599197b483"}
,"/code-projects/courses/code-with-mosh/redux/source-code/redux-examples/src/store/middlewares/api.js": {"path":"/code-projects/courses/code-with-mosh/redux/source-code/redux-examples/src/store/middlewares/api.js","statementMap":{"0":{"start":{"line":4,"column":12},"end":{"line":32,"column":1}},"1":{"start":{"line":4,"column":30},"end":{"line":32,"column":1}},"2":{"start":{"line":4,"column":38},"end":{"line":32,"column":1}},"3":{"start":{"line":5,"column":1},"end":{"line":7,"column":2}},"4":{"start":{"line":6,"column":2},"end":{"line":6,"column":22}},"5":{"start":{"line":9,"column":59},"end":{"line":9,"column":73}},"6":{"start":{"line":11,"column":1},"end":{"line":11,"column":42}},"7":{"start":{"line":11,"column":14},"end":{"line":11,"column":42}},"8":{"start":{"line":13,"column":1},"end":{"line":13,"column":14}},"9":{"start":{"line":15,"column":1},"end":{"line":30,"column":2}},"10":{"start":{"line":17,"column":19},"end":{"line":22,"column":4}},"11":{"start":{"line":24,"column":2},"end":{"line":24,"column":52}},"12":{"start":{"line":25,"column":2},"end":{"line":25,"column":69}},"13":{"start":{"line":25,"column":17},"end":{"line":25,"column":69}},"14":{"start":{"line":28,"column":2},"end":{"line":28,"column":47}},"15":{"start":{"line":29,"column":2},"end":{"line":29,"column":61}},"16":{"start":{"line":29,"column":14},"end":{"line":29,"column":61}}},"fnMap":{"0":{"name":"(anonymous_0)","decl":{"start":{"line":4,"column":12},"end":{"line":4,"column":13}},"loc":{"start":{"line":4,"column":30},"end":{"line":32,"column":1}},"line":4},"1":{"name":"(anonymous_1)","decl":{"start":{"line":4,"column":30},"end":{"line":4,"column":31}},"loc":{"start":{"line":4,"column":38},"end":{"line":32,"column":1}},"line":4},"2":{"name":"(anonymous_2)","decl":{"start":{"line":4,"column":38},"end":{"line":4,"column":39}},"loc":{"start":{"line":4,"column":54},"end":{"line":32,"column":1}},"line":4}},"branchMap":{"0":{"loc":{"start":{"line":5,"column":1},"end":{"line":7,"column":2}},"type":"if","locations":[{"start":{"line":5,"column":1},"end":{"line":7,"column":2}},{"start":{"line":5,"column":1},"end":{"line":7,"column":2}}],"line":5},"1":{"loc":{"start":{"line":11,"column":1},"end":{"line":11,"column":42}},"type":"if","locations":[{"start":{"line":11,"column":1},"end":{"line":11,"column":42}},{"start":{"line":11,"column":1},"end":{"line":11,"column":42}}],"line":11},"2":{"loc":{"start":{"line":25,"column":2},"end":{"line":25,"column":69}},"type":"if","locations":[{"start":{"line":25,"column":2},"end":{"line":25,"column":69}},{"start":{"line":25,"column":2},"end":{"line":25,"column":69}}],"line":25},"3":{"loc":{"start":{"line":29,"column":2},"end":{"line":29,"column":61}},"type":"if","locations":[{"start":{"line":29,"column":2},"end":{"line":29,"column":61}},{"start":{"line":29,"column":2},"end":{"line":29,"column":61}}],"line":29}},"s":{"0":1,"1":10,"2":10,"3":36,"4":25,"5":11,"6":11,"7":5,"8":11,"9":11,"10":11,"11":8,"12":8,"13":8,"14":3,"15":3,"16":1},"f":{"0":10,"1":10,"2":36},"b":{"0":[25,11],"1":[5,6],"2":[8,0],"3":[1,2]},"_coverageSchema":"1a1c01bbd47fc00a2c39e90264f33305004495a9","hash":"edb7c648001486dd17a555a84d852de54fd87b9e"}
,"/code-projects/courses/code-with-mosh/redux/source-code/redux-examples/src/store/middlewares/logger.js": {"path":"/code-projects/courses/code-with-mosh/redux/source-code/redux-examples/src/store/middlewares/logger.js","statementMap":{"0":{"start":{"line":1,"column":15},"end":{"line":5,"column":1}},"1":{"start":{"line":1,"column":24},"end":{"line":5,"column":1}},"2":{"start":{"line":1,"column":33},"end":{"line":5,"column":1}},"3":{"start":{"line":1,"column":41},"end":{"line":5,"column":1}},"4":{"start":{"line":2,"column":2},"end":{"line":2,"column":51}},"5":{"start":{"line":4,"column":2},"end":{"line":4,"column":22}}},"fnMap":{"0":{"name":"(anonymous_0)","decl":{"start":{"line":1,"column":15},"end":{"line":1,"column":16}},"loc":{"start":{"line":1,"column":24},"end":{"line":5,"column":1}},"line":1},"1":{"name":"(anonymous_1)","decl":{"start":{"line":1,"column":24},"end":{"line":1,"column":25}},"loc":{"start":{"line":1,"column":33},"end":{"line":5,"column":1}},"line":1},"2":{"name":"(anonymous_2)","decl":{"start":{"line":1,"column":33},"end":{"line":1,"column":34}},"loc":{"start":{"line":1,"column":41},"end":{"line":5,"column":1}},"line":1},"3":{"name":"(anonymous_3)","decl":{"start":{"line":1,"column":41},"end":{"line":1,"column":42}},"loc":{"start":{"line":1,"column":51},"end":{"line":5,"column":1}},"line":1}},"branchMap":{},"s":{"0":1,"1":10,"2":10,"3":10,"4":36,"5":36},"f":{"0":10,"1":10,"2":10,"3":36},"b":{},"_coverageSchema":"1a1c01bbd47fc00a2c39e90264f33305004495a9","hash":"661d422dec6abfa1c6df1a0d92ef0e34bf42e3f3"}
,"/code-projects/courses/code-with-mosh/redux/source-code/redux-examples/src/store/middlewares/toast.js": {"path":"/code-projects/courses/code-with-mosh/redux/source-code/redux-examples/src/store/middlewares/toast.js","statementMap":{"0":{"start":{"line":1,"column":14},"end":{"line":7,"column":1}},"1":{"start":{"line":1,"column":23},"end":{"line":7,"column":1}},"2":{"start":{"line":1,"column":31},"end":{"line":7,"column":1}},"3":{"start":{"line":2,"column":2},"end":{"line":5,"column":24}},"4":{"start":{"line":3,"column":4},"end":{"line":3,"column":51}},"5":{"start":{"line":5,"column":4},"end":{"line":5,"column":24}}},"fnMap":{"0":{"name":"(anonymous_0)","decl":{"start":{"line":1,"column":14},"end":{"line":1,"column":15}},"loc":{"start":{"line":1,"column":23},"end":{"line":7,"column":1}},"line":1},"1":{"name":"(anonymous_1)","decl":{"start":{"line":1,"column":23},"end":{"line":1,"column":24}},"loc":{"start":{"line":1,"column":31},"end":{"line":7,"column":1}},"line":1},"2":{"name":"(anonymous_2)","decl":{"start":{"line":1,"column":31},"end":{"line":1,"column":32}},"loc":{"start":{"line":1,"column":41},"end":{"line":7,"column":1}},"line":1}},"branchMap":{"0":{"loc":{"start":{"line":2,"column":2},"end":{"line":5,"column":24}},"type":"if","locations":[{"start":{"line":2,"column":2},"end":{"line":5,"column":24}},{"start":{"line":2,"column":2},"end":{"line":5,"column":24}}],"line":2}},"s":{"0":1,"1":10,"2":10,"3":36,"4":0,"5":36},"f":{"0":10,"1":10,"2":36},"b":{"0":[0,36]},"_coverageSchema":"1a1c01bbd47fc00a2c39e90264f33305004495a9","hash":"1c634cccf8742df7730221b3cfbb9ffc8e49f7db"}
}
