TN:
SF:src/store/api.js
FNF:0
FNH:0
DA:3,1
DA:4,1
DA:5,1
LF:3
LH:3
BRF:0
BRH:0
end_of_record
TN:
SF:src/store/bugs.js
FN:14,(anonymous_0)
FN:18,(anonymous_1)
FN:22,(anonymous_2)
FN:28,(anonymous_3)
FN:32,(anonymous_4)
FN:33,(anonymous_5)
FN:37,(anonymous_6)
FN:38,(anonymous_7)
FN:42,(anonymous_8)
FN:43,(anonymous_9)
FN:51,(anonymous_10)
FN:52,(anonymous_11)
FN:52,(anonymous_12)
FN:55,(anonymous_13)
FN:56,(anonymous_14)
FN:57,(anonymous_15)
FN:57,(anonymous_16)
FN:78,(anonymous_17)
FN:78,(anonymous_18)
FN:95,(anonymous_19)
FN:102,(anonymous_20)
FN:109,(anonymous_21)
FNF:22
FNH:13
FNDA:5,(anonymous_0)
FNDA:1,(anonymous_1)
FNDA:4,(anonymous_2)
FNDA:3,(anonymous_3)
FNDA:0,(anonymous_4)
FNDA:0,(anonymous_5)
FNDA:1,(anonymous_6)
FNDA:1,(anonymous_7)
FNDA:0,(anonymous_8)
FNDA:0,(anonymous_9)
FNDA:1,(anonymous_10)
FNDA:1,(anonymous_11)
FNDA:3,(anonymous_12)
FNDA:0,(anonymous_13)
FNDA:0,(anonymous_14)
FNDA:0,(anonymous_15)
FNDA:0,(anonymous_16)
FNDA:6,(anonymous_17)
FNDA:6,(anonymous_18)
FNDA:4,(anonymous_19)
FNDA:2,(anonymous_20)
FNDA:0,(anonymous_21)
DA:6,1
DA:15,5
DA:19,1
DA:23,4
DA:24,4
DA:25,4
DA:29,3
DA:33,0
DA:34,0
DA:38,1
DA:39,1
DA:43,0
DA:44,0
DA:50,1
DA:51,1
DA:52,3
DA:55,1
DA:56,0
DA:57,0
DA:71,1
DA:75,1
DA:78,6
DA:79,6
DA:81,6
DA:83,6
DA:85,5
DA:95,4
DA:102,2
DA:109,1
LF:29
LH:23
BRDA:34,0,0,0
BRDA:34,0,1,0
BRDA:39,1,0,1
BRDA:39,1,1,0
BRDA:44,2,0,0
BRDA:44,2,1,0
BRDA:83,3,0,1
BRDA:83,3,1,5
BRF:8
BRH:3
end_of_record
TN:
SF:src/store/configureStore.js
FN:7,(anonymous_0)
FNF:1
FNH:1
FNDA:10,(anonymous_0)
DA:8,10
LF:1
LH:1
BRF:0
BRH:0
end_of_record
TN:
SF:src/store/entities.js
FNF:0
FNH:0
LF:0
LH:0
BRF:0
BRH:0
end_of_record
TN:
SF:src/store/projects.js
FN:9,(anonymous_0)
FNF:1
FNH:0
FNDA:0,(anonymous_0)
DA:3,1
DA:5,1
DA:9,0
DA:13,1
LF:4
LH:3
BRF:0
BRH:0
end_of_record
TN:
SF:src/store/reducer.js
FNF:0
FNH:0
LF:0
LH:0
BRF:0
BRH:0
end_of_record
TN:
SF:src/store/users.js
FN:9,(anonymous_0)
FNF:1
FNH:0
FNDA:0,(anonymous_0)
DA:3,1
DA:5,1
DA:9,0
DA:13,1
LF:4
LH:3
BRF:0
BRH:0
end_of_record
TN:
SF:src/store/middlewares/api.js
FN:4,(anonymous_0)
FN:4,(anonymous_1)
FN:4,(anonymous_2)
FNF:3
FNH:3
FNDA:10,(anonymous_0)
FNDA:10,(anonymous_1)
FNDA:36,(anonymous_2)
DA:4,10
DA:5,36
DA:6,25
DA:9,11
DA:11,11
DA:13,11
DA:15,11
DA:17,11
DA:24,8
DA:25,8
DA:28,3
DA:29,3
LF:12
LH:12
BRDA:5,0,0,25
BRDA:5,0,1,11
BRDA:11,1,0,5
BRDA:11,1,1,6
BRDA:25,2,0,8
BRDA:25,2,1,0
BRDA:29,3,0,1
BRDA:29,3,1,2
BRF:8
BRH:7
end_of_record
TN:
SF:src/store/middlewares/logger.js
FN:1,(anonymous_0)
FN:1,(anonymous_1)
FN:1,(anonymous_2)
FN:1,(anonymous_3)
FNF:4
FNH:4
FNDA:10,(anonymous_0)
FNDA:10,(anonymous_1)
FNDA:10,(anonymous_2)
FNDA:36,(anonymous_3)
DA:1,10
DA:2,36
DA:4,36
LF:3
LH:3
BRF:0
BRH:0
end_of_record
TN:
SF:src/store/middlewares/toast.js
FN:1,(anonymous_0)
FN:1,(anonymous_1)
FN:1,(anonymous_2)
FNF:3
FNH:3
FNDA:10,(anonymous_0)
FNDA:10,(anonymous_1)
FNDA:36,(anonymous_2)
DA:1,10
DA:2,36
DA:3,0
DA:5,36
LF:4
LH:3
BRDA:2,0,0,0
BRDA:2,0,1,36
BRF:2
BRH:1
end_of_record
